Please enter the size of the board (4-16): 4
Game started
'.' represents no disc
'#' represents a black disc
'O' represents a white disc
Your color is black
Computer's color is white

   0  1  2  3 
 0 .  .  .  .  
 1 .  O  #  .  
 2 .  #  O  .  
 3 .  .  .  .  

Player's turn, choose row and col for new disc. Input 2 numbers: 3 2
You chose 3 2.

You: 4	Computer: 1
   0  1  2  3 
 0 .  .  .  .  
 1 .  O  #  .  
 2 .  #  #  .  
 3 .  .  #  .  

Computer chose 1 3.

You: 3	Computer: 3
   0  1  2  3 
 0 .  .  .  .  
 1 .  O  O  O  
 2 .  #  #  .  
 3 .  .  #  .  

Player's turn, choose row and col for new disc. Input 2 numbers: 0 2
You chose 0 2.

You: 5	Computer: 2
   0  1  2  3 
 0 .  .  #  .  
 1 .  O  #  O  
 2 .  #  #  .  
 3 .  .  #  .  

Computer chose 3 1.

You: 3	Computer: 5
   0  1  2  3 
 0 .  .  #  .  
 1 .  O  #  O  
 2 .  O  O  .  
 3 .  O  #  .  

Player's turn, choose row and col for new disc. Input 2 numbers: 1 0
You chose 1 0.

You: 6	Computer: 3
   0  1  2  3 
 0 .  .  #  .  
 1 #  #  #  O  
 2 .  #  O  .  
 3 .  O  #  .  

Computer chose 3 3.

You: 5	Computer: 5
   0  1  2  3 
 0 .  .  #  .  
 1 #  #  #  O  
 2 .  #  O  .  
 3 .  O  O  O  

Player's turn, choose row and col for new disc. Input 2 numbers: 2 3
You chose 2 3.

You: 7	Computer: 4
   0  1  2  3 
 0 .  .  #  .  
 1 #  #  #  O  
 2 .  #  #  #  
 3 .  O  O  O  

Computer chose 0 1.

You: 5	Computer: 7
   0  1  2  3 
 0 .  O  #  .  
 1 #  O  #  O  
 2 .  O  #  #  
 3 .  O  O  O  

Player's turn, choose row and col for new disc. Input 2 numbers: 2 0
You chose 2 0.

You: 8	Computer: 5
   0  1  2  3 
 0 .  O  #  .  
 1 #  #  #  O  
 2 #  #  #  #  
 3 .  O  O  O  

Computer chose 0 3.

You: 7	Computer: 7
   0  1  2  3 
 0 .  O  O  O  
 1 #  #  #  O  
 2 #  #  #  #  
 3 .  O  O  O  

No moves for you to play. Switching to computer's turn.
Computer chose 3 0.

You: 5	Computer: 10
   0  1  2  3 
 0 .  O  O  O  
 1 #  #  O  O  
 2 #  O  #  #  
 3 O  O  O  O  

No moves for you to play. Switching to computer's turn.
Computer chose 0 0.

You: 1	Computer: 15
   0  1  2  3 
 0 O  O  O  O  
 1 O  O  O  O  
 2 O  O  O  #  
 3 O  O  O  O  

Final Score: 
You: 1	Computer: 15
Computer wins.
Game Over
