lily@lily-E403SA:~/Documents/cs330/lab4$ gcc -g -o num num.c
lily@lily-E403SA:~/Documents/cs330/lab4$ ./num 
Segmentation fault (core dumped)
lily@lily-E403SA:~/Documents/cs330/lab4$ gdb num
GNU gdb (Ubuntu 8.1-0ubuntu3) 8.1.0.20180409-git
Copyright (C) 2018 Free Software Foundation, Inc.
License GPLv3+: GNU GPL version 3 or later <http://gnu.org/licenses/gpl.html>
This is free software: you are free to change and redistribute it.
There is NO WARRANTY, to the extent permitted by law.  Type "show copying"
and "show warranty" for details.
This GDB was configured as "x86_64-linux-gnu".
Type "show configuration" for configuration details.
For bug reporting instructions, please see:
<http://www.gnu.org/software/gdb/bugs/>.
Find the GDB manual and other documentation resources online at:
<http://www.gnu.org/software/gdb/documentation/>.
For help, type "help".
Type "apropos word" to search for commands related to "word"...
Reading symbols from num...done.
(gdb) run
Starting program: /home/lily/Documents/cs330/lab4/num 
0 0 49 21845 1433756496 21845 1433756448 21845 1433756400 21845 1433756352 21845 1433756304 0 49 0 0 0 0 0 0 0 0 0 0 0 0 0 0 0 0 0 0 0 0 0 0 0 0 0 0 0 0 0 0 0 0 0 0 0 0 0 0 0 0 0 0 0 0 0 0 0 0 0 0 0 0 0 0 0 0 0 0 0 0 0 0 0 0 0 0 0 0 0 0 0 0 0 0 0 0 0 0 0 0 0 0 0 0 0 0 0 0 0 0 0 0 0 0 0 0 0 0 0 0 0 0 0 0 0 0 0 0 0 0 0 0 0 0 0 0 0 0 0 0 0 0 0 0 0 0 0 0 0 0 0 0 0 0 0 0 0 0 0 0 0 0 0 0 0 0 0 593 0 0 0 0 0 0 0 0 0 0 0 0 0 0 0 0 0 0 0 0 0 0 0 0 0 0 0 0 0 0 0 0 0 0 0 0 0 0 0 0 0 0 0 0 0 0 0 0 0 0 0 0 0 0 0 0 0 0 0 0 0 0 0 0 0 0 0 0 0 0 0 0 0 0 0 0 0 0 0 0 0 0 0 0 0 0 0 0 0 0 0 0 0 0 0 0 0 0 0 0 0 0 0 0 0 0 0 0 0 0 0 0 0 0 0 0 0 0 0 0 0 0 0 0 0 0 0 0 0 0 0 0 0 0 0 0 0 0 0 0 0 0 0 0 0 0 0 0 0 0 0 0 0 0 0 0 0 0 0 0 0 0 0 0 0 0 0 0 0 0 0 0 0 0 0 0 0 0 0 0 0 0 0 0 0 0 0 0 0 0 0 0 0 0 0 0 0 0 0 0 0 0 0 0 0 0 0 0 0 0 0 0 0 0 0 0 0 0 0 0 0 0 0 0 0 0 0 0 0 0 0 0 0 0 0 0 0 0 0 0 0 0 0 0 0 0 0 0 0 0 0 0 0 0 0 0 0 0 0 0 0 0 0 0 0 0 0 0 0 0 0 0 0 0 0 0 0 0 0 0 0 0 0 0 0 0 0 0 0 0 0 0 0 0 0 0 0 0 0 0 0 0 0 0 0 0 0 0 0 0 0 0 0 0 0 0 0 0 0 0 0 0 0 0 0 0 0 0 0 0 0 0 0 0 0 0 0 0 0 0 0 0 0 0 0 0 0 0 0 0 0 0 0 0 0 0 0 0 0 0 0 0 0 0 0 0 0 0 0 0 0 0 0 0 0 0 0 0 0 0 0 0 0 0 0 0 0 0 0 0 0 0 0 0 0 0 0 0 0 0 0 0 0 0 0 0 0 0 0 0 0 0 0 0 0 0 0 0 0 0 0 0 0 0 0 0 0 0 0 0 0 0 0 0 0 0 0 0 0 0 0 0 0 0 0 0 0 0 0 0 0 0 0 0 0 0 0 0 0 0 0 0 0 0 0 0 0 0 0 0 0 0 0 0 0 0 0 0 0 0 0 0 0 0 0 0 0 0 0 0 0 0 0 0 0 0 0 0 0 0 0 0 0 0 0 0 0 0 0 0 0 0 0 0 0 0 0 0 0 0 0 0 0 0 0 0 0 0 0 0 0 0 0 0 0 0 0 0 0 0 0 0 0 0 0 0 0 0 0 0 0 0 0 0 0 0 0 0 0 0 0 0 0 0 0 0 0 0 0 0 0 0 0 0 0 0 0 0 0 0 0 0 0 0 0 0 0 0 0 0 0 0 0 0 0 0 0 0 0 0 0 0 0 0 0 0 0 0 0 0 0 0 0 0 0 0 0 0 0 0 0 0 0 0 0 0 0 0 0 0 0 0 0 0 0 0 0 0 0 0 0 0 0 0 0 0 0 0 0 0 0 0 0 0 0 0 0 0 0 0 0 0 0 0 0 0 0 0 0 0 0 0 0 0 0 0 0 0 0 0 0 0 0 0 0 0 0 0 0 0 0 0 0 0 0 0 0 0 0 0 0 0 0 0 0 0 0 0 0 0 0 0 0 0 0 0 0 0 0 0 0 0 0 0 0 0 0 0 0 0 0 0 0 0 0 0 0 0 0 0 0 0 0 0 0 0 0 0 0 0 0 0 0 0 0 0 0 0 0 0 0 0 0 0 0 0 0 0 0 0 0 0 0 0 0 0 0 0 0 0 0 0 0 0 0 0 0 0 0 0 0 0 0 0 0 0 0 0 0 0 0 0 0 0 0 0 0 0 0 0 0 0 0 0 0 0 0 0 0 0 0 0 0 0 0 0 0 0 0 0 0 0 0 0 0 0 0 0 0 0 0 0 0 0 0 0 0 0 0 0 0 0 0 0 0 0 0 0 0 0 0 0 0 0 0 0 0 0 0 0 0 0 0 0 0 0 0 0 0 0 0 0 0 0 0 0 0 0 0 0 0 0 0 0 0 0 0 0 0 0 0 0 0 0 0 0 0 0 0 0 0 0 0 0 0 0 0 0 0 0 0 0 0 0 0 0 0 0 0 0 0 0 0 0 0 0 0 0 0 0 0 0 0 0 0 0 0 0 0 0 0 0 0 0 0 0 0 0 0 0 0 0 0 0 0 0 0 0 0 0 0 0 0 0 0 0 0 0 0 0 0 0 0 0 0 0 0 0 0 0 0 0 0 0 0 0 0 0 0 0 0 0 0 0 0 0 0 0 0 0 0 0 0 0 0 0 0 0 0 0 0 0 21845 1433751560 0 0 32767 -140348128 0 0 0 0 32767 -140485968 0 0 32767 -140005264 32767 -140210560 32767 -140089328 32767 -140002992 0 0 0 0 0 2100656 0 0 0 0 0 0 0 0 0 0 0 0 0 0 0 0 0 0 0 0 0 3 0 1879048185 21845 1431651392 0 1879048176 0 1 0 1879048191 0 1112 0 1879048190 0 134217729 0 1879048187 0 8 0 30 0 24 0 9 0 192 0 8 21845 1431651448 0 7 21845 1431651640 0 23 0 7 0 20 0 96 0 2 21845 1433751456 0 3 32767 -134225600 0 21 0 24 0 11 0 152 0 10 21845 1431651000 0 6 21845 1431651240 0 5 21845 1431650968 0 1879047925 0 8 0 28 0 2100648 0 26 0 8 0 27 0 2100640 0 25 0 2308 0 13 0 1432 0 12 0 1 0 1 21845 1431652048 21845 1431652112 0 0 0 0 0 0 0 0 0 0 0 0 0 0 0 0 0 0 0 0 0 0 0 0 0 0 0 0 0 0 0 0 0 0 0 0 0 0 0 0 0 0 0 0 0 0 0 0 0 0 0 0 0 0 0 0 0 0 0 0 0 0 0 0 0 0 0 0 0 0 0 0 0 0 0 0 0 0 0 0 0 0 0 0 0 0 0 0 0 0 0 0 0 0 0 0 0 0 0 0 0 0 0 0 0 0 0 0 0 0 0 0 0 0 0 0 0 0 0 0 0 0 0 0 0 0 0 0 0 0 0 0 0 0 0 0 0 0 0 0 0 0 0 0 0 0 0 0 0 0 0 0 0 0 0 0 0 0 0 0 0 0 0 0 0 0 0 0 0 0 0 0 0 0 0 0 0 0 0 0 0 0 0 0 0 0 0 0 0 0 0 0 0 0 0 0 0 0 0 0 0 0 0 0 0 0 0 0 2 -344 204 16 527938 269369880 239214606 1109921345 806240568 242368526 1292337976 239601286 806242309 -1943531966 76357646 1157860888 239207055 269369856 101 -384 132 68 0 2055 201417475 58934534 222495366 269369600 365 -718 92 36 0 0 8 -976 68 20 0 572797738 991575808 -2146928885 256514062 1175457280 80 -1016 28 36 400 134679579 17856513 5405185 0 20 0 0 43 -872 28 20 268894608 134679579 17856513 5405185 0 20 0 312 -24 240 -136 200 -510 88 -776 176 -792 136 -872 6 60 990059265 2122789 131073 195 147096392 149717832 50163 0 8658703 778473667 1598119489 1564564545 1566247108 -2092373387 -583448575 -1014806308 352272879 -1991969143 1291487564 0 8658703 -617537420 -310032129 -206872 66961736 149717832 -450278154 -1991639671 1095958560 83766669 1213530144 83764621 1280590165 1104644425 1447122753 0 8658703 1724079451 952402760 0 -1191182339 1172883337 1223181707 1221950692 1161550917 -1962812347 -2080374787 1575536521 1207995208 -805222168 1166755840 197 344803480 1222395275 602603520 56389 -946045724 1161550917 -1962812347 -2080374787 -1578631168 704443 2095334715 -532313343 -529693697 -145432 0 -1207959551 87919944 -964099957 -805222398 -490649390 1665720405 -1962898616 -805222168 1166755840 197 344803480 1222395275 1038811136 57413 -950211840 220 1170702716 -465224740 1166737884 1166262396 -465224736 1166737888 1166217353 -905846699 -1949302456 48415048 -765245216 1435173003 1221591368 -398095544 0 -988508856 -1740055483 -1950250524 1169100764 1166751979 0 -532297981 -1991704577 -25499449 -1991765732 -1924601771 -1958215680 54540 -1924607389 1222399371 65061192 -1740053435 -1955075328 220 1170729029 -1991704577 -22091577 -1991769120 -1052207032 -465204480 1508 1170718837 -1991717763 -1992758141 1213457801 1213595647 -10032803 -443987883 17439 258393075 0 -2145447997 1560346656 152110534 -184 -385875969 233308192 152714635 1208775909 -1991748352 2099479 1032013871 1962934304 154746240 0 8658703 778436672 521126749 0 8658703 1726021469 208978053 1207967753 1090882376 410320593 1220936008 1072218440 -259438589 -20887323 -1991705047 1213530144 159528333 1207967753 -1992454840 0 8658703 778436672 521126749 0 8658703 778494207 1561162944 -2058878944 158991755 1209627877 -1991706567 1207967753 -1056600760 1426071561 -918713016 17439 267649056 161879551 230 1032669184 156429 -1924661248 47842701 1280594160 -461158174 -1991745839 -1991643855 0 0 -1872363488 166864383 -80 -385875968 57147424 165291519 -64 -385875968 40370208 165815807 -48 -385875968 23592992 166340095 -32 -385875968 6815776 166864383 4202255 2099700 637468704 166868479 12781764 -2092379905 41205893 1207967754 1157991240 149717832 0 0 7 7 0 2101200 0 0 4 7 0 2101192 0 0 2 7 0 2101184 0 0 1 7 0 2101176 0 0 9 6 0 2101240 0 0 8 6 0 2101232 0 0 6 6 0 2101224 0 0 5 6 0 2101216 0 0 3 6 0 2101208 0 2101256 0 8 0 2101256 0 1744 0 8 0 2100648 0 1808 0 8 0 2100640 0 71 131072 157882997 0 16 1 65537 0 131072 131072 131074 2 131072 6646882 1632920942 1869366093 1416783220 1936287589 1918848340 1230962783 1601466977 1953718126 1869440863 1593861484 1650545765 1852795971 1297379941 1953720679 1701995876 1598903369 1593849134 841888351 1128417612 1191208293 1919287406 1767992671 1953653108 1935631202 1768709983 6650473 1818324585 1717526904 1667194624 1668246636 1634533478 1953393010 1879077473 1751348341 1879062062 1869819491 1651076096 0 0 0 0 34 33 0 0 0 0 32 126 0 0 0 0 18 26 0 0 0 0 32 111 0 0 0 0 18 48 0 0 0 0 18 19 0 0 0 0 32 83 0 0 0 0 18 11 0 0 0 0 18 66 0 0 0 0 0 0 0 0 0 0 0 1 1 1 1399069553 -379288525 703151472 -1755001929 -721857504 5590599 3 20 4 0 2 3 0 5590599 1 16 4 3288687 1932407862 758528120 762869102 1768697188 1815032886 1651076143 0 1 0 608 0
Program received signal SIGSEGV, Segmentation fault.
0x0000555555554804 in main (argc=1, argv=0x7fffffffe078) at num.c:18
18				printf("%d ", num[i][j]);
(gdb) backtrace
#0  0x0000555555554804 in main (argc=1, argv=0x7fffffffe078) at num.c:18
(gdb) frame 0
#0  0x0000555555554804 in main (argc=1, argv=0x7fffffffe078) at num.c:18
18				printf("%d ", num[i][j]);
(gdb) print buf
$1 = 0x0
(gdb) kill
Kill the program being debugged? (y or n) y
(gdb) q
lily@lily-E403SA:~/Documents/cs330/lab4$ vim num.c
lily@lily-E403SA:~/Documents/cs330/lab4$ gcc -g -o num num.c
lily@lily-E403SA:~/Documents/cs330/lab4$ ./num 
0 1 2 3 4 
5 6 7 8 9 
10 11 12 13 14 
15 16 17 18 19 
20 21 22 23 24 
lily@lily-E403SA:~/Documents/cs330/lab4$ 
